<?xml version="1.0" encoding="UTF-8"?>
<testsuite xmlns:xsi="http://www.w3.org/2001/XMLSchema-instance" xsi:noNamespaceSchemaLocation="https://maven.apache.org/surefire/maven-surefire-plugin/xsd/surefire-test-report.xsd" name="fr.ufrsciencestech.tpgroupe1.PanierTest" time="0.183" tests="16" errors="0" skipped="0" failures="0">
  <properties>
    <property name="awt.toolkit" value="sun.awt.X11.XToolkit"/>
    <property name="file.encoding.pkg" value="sun.io"/>
    <property name="java.specification.version" value="1.8"/>
    <property name="sun.cpu.isalist" value=""/>
    <property name="sun.jnu.encoding" value="UTF-8"/>
    <property name="java.class.path" value="/home7/mp861554/GenieLogiciel/Netbeans/tpgroupe/tpgroupe/target/test-classes:/home7/mp861554/GenieLogiciel/Netbeans/tpgroupe/tpgroupe/target/classes:/home1/mp861554/.m2/repository/junit/junit/4.11/junit-4.11.jar:/home1/mp861554/.m2/repository/org/hamcrest/hamcrest-core/1.3/hamcrest-core-1.3.jar:/home1/mp861554/.m2/repository/org/mockito/mockito-all/1.9.5/mockito-all-1.9.5.jar:"/>
    <property name="java.vm.vendor" value="Oracle Corporation"/>
    <property name="sun.arch.data.model" value="64"/>
    <property name="java.vendor.url" value="http://java.oracle.com/"/>
    <property name="user.timezone" value=""/>
    <property name="java.vm.specification.version" value="1.8"/>
    <property name="os.name" value="Linux"/>
    <property name="sun.java.launcher" value="SUN_STANDARD"/>
    <property name="user.country" value="FR"/>
    <property name="sun.boot.library.path" value="/usr/local/jdk1.8.0_221/jre/lib/amd64"/>
    <property name="sun.java.command" value="/home7/mp861554/GenieLogiciel/Netbeans/tpgroupe/tpgroupe/target/surefire/surefirebooter2719041432472804504.jar /home7/mp861554/GenieLogiciel/Netbeans/tpgroupe/tpgroupe/target/surefire 2019-10-10T11-06-53_388-jvmRun1 surefire5586057684140208959tmp surefire_06438659611035973868tmp"/>
    <property name="surefire.test.class.path" value="/home7/mp861554/GenieLogiciel/Netbeans/tpgroupe/tpgroupe/target/test-classes:/home7/mp861554/GenieLogiciel/Netbeans/tpgroupe/tpgroupe/target/classes:/home1/mp861554/.m2/repository/junit/junit/4.11/junit-4.11.jar:/home1/mp861554/.m2/repository/org/hamcrest/hamcrest-core/1.3/hamcrest-core-1.3.jar:/home1/mp861554/.m2/repository/org/mockito/mockito-all/1.9.5/mockito-all-1.9.5.jar:"/>
    <property name="sun.cpu.endian" value="little"/>
    <property name="user.home" value="/home1/mp861554"/>
    <property name="user.language" value="fr"/>
    <property name="java.specification.vendor" value="Oracle Corporation"/>
    <property name="java.home" value="/usr/local/jdk1.8.0_221/jre"/>
    <property name="basedir" value="/home7/mp861554/GenieLogiciel/Netbeans/tpgroupe/tpgroupe"/>
    <property name="file.separator" value="/"/>
    <property name="line.separator" value="&#10;"/>
    <property name="java.vm.specification.vendor" value="Oracle Corporation"/>
    <property name="java.specification.name" value="Java Platform API Specification"/>
    <property name="java.awt.graphicsenv" value="sun.awt.X11GraphicsEnvironment"/>
    <property name="surefire.real.class.path" value="/home7/mp861554/GenieLogiciel/Netbeans/tpgroupe/tpgroupe/target/surefire/surefirebooter2719041432472804504.jar"/>
    <property name="sun.boot.class.path" value="/usr/local/jdk1.8.0_221/jre/lib/resources.jar:/usr/local/jdk1.8.0_221/jre/lib/rt.jar:/usr/local/jdk1.8.0_221/jre/lib/sunrsasign.jar:/usr/local/jdk1.8.0_221/jre/lib/jsse.jar:/usr/local/jdk1.8.0_221/jre/lib/jce.jar:/usr/local/jdk1.8.0_221/jre/lib/charsets.jar:/usr/local/jdk1.8.0_221/jre/lib/jfr.jar:/usr/local/jdk1.8.0_221/jre/classes"/>
    <property name="sun.management.compiler" value="HotSpot 64-Bit Tiered Compilers"/>
    <property name="java.runtime.version" value="1.8.0_221-b11"/>
    <property name="user.name" value="mp861554"/>
    <property name="path.separator" value=":"/>
    <property name="os.version" value="4.9.0-11-amd64"/>
    <property name="java.endorsed.dirs" value="/usr/local/jdk1.8.0_221/jre/lib/endorsed"/>
    <property name="java.runtime.name" value="Java(TM) SE Runtime Environment"/>
    <property name="file.encoding" value="UTF-8"/>
    <property name="java.vm.name" value="Java HotSpot(TM) 64-Bit Server VM"/>
    <property name="maven.ext.class.path" value="/usr/local/netbeans-8.2/java/maven-nblib/netbeans-eventspy.jar"/>
    <property name="localRepository" value="/home1/mp861554/.m2/repository"/>
    <property name="java.vendor.url.bug" value="http://bugreport.sun.com/bugreport/"/>
    <property name="java.io.tmpdir" value="/tmp"/>
    <property name="java.version" value="1.8.0_221"/>
    <property name="user.dir" value="/home7/mp861554/GenieLogiciel/Netbeans/tpgroupe/tpgroupe"/>
    <property name="os.arch" value="amd64"/>
    <property name="java.vm.specification.name" value="Java Virtual Machine Specification"/>
    <property name="java.awt.printerjob" value="sun.print.PSPrinterJob"/>
    <property name="sun.os.patch.level" value="unknown"/>
    <property name="java.library.path" value="/usr/local/jdk-1.8/jre/lib/amd64:/usr/local/jdk-1.8/jre/lib/i386::/usr/java/packages/lib/amd64:/usr/lib64:/lib64:/lib:/usr/lib"/>
    <property name="java.vm.info" value="mixed mode"/>
    <property name="java.vendor" value="Oracle Corporation"/>
    <property name="java.vm.version" value="25.221-b11"/>
    <property name="java.ext.dirs" value="/usr/local/jdk1.8.0_221/jre/lib/ext:/usr/java/packages/lib/ext"/>
    <property name="sun.io.unicode.encoding" value="UnicodeLittle"/>
    <property name="java.class.version" value="52.0"/>
  </properties>
  <testcase name="testGetPrixPanierPlein3Elements" classname="fr.ufrsciencestech.tpgroupe1.PanierTest" time="0.008"/>
  <testcase name="testRetirePanierVide" classname="fr.ufrsciencestech.tpgroupe1.PanierTest" time="0.001"/>
  <testcase name="testEstVide" classname="fr.ufrsciencestech.tpgroupe1.PanierTest" time="0.009"/>
  <testcase name="testGetListe" classname="fr.ufrsciencestech.tpgroupe1.PanierTest" time="0"/>
  <testcase name="testGetPrixPanierVideContMax3" classname="fr.ufrsciencestech.tpgroupe1.PanierTest" time="0"/>
  <testcase name="testAffiche" classname="fr.ufrsciencestech.tpgroupe1.PanierTest" time="0"/>
  <testcase name="testEstPlein" classname="fr.ufrsciencestech.tpgroupe1.PanierTest" time="0"/>
  <testcase name="testToString" classname="fr.ufrsciencestech.tpgroupe1.PanierTest" time="0.001"/>
  <testcase name="testAjoutePanierPlein" classname="fr.ufrsciencestech.tpgroupe1.PanierTest" time="0"/>
  <testcase name="testBoycottOrigine" classname="fr.ufrsciencestech.tpgroupe1.PanierTest" time="0"/>
  <testcase name="testGetNbElements" classname="fr.ufrsciencestech.tpgroupe1.PanierTest" time="0"/>
  <testcase name="testAjoutePanierVide" classname="fr.ufrsciencestech.tpgroupe1.PanierTest" time="0"/>
  <testcase name="testAjoutePanierPleinSansParam" classname="fr.ufrsciencestech.tpgroupe1.PanierTest" time="0"/>
  <testcase name="testEquals" classname="fr.ufrsciencestech.tpgroupe1.PanierTest" time="0"/>
  <testcase name="testGetMax" classname="fr.ufrsciencestech.tpgroupe1.PanierTest" time="0"/>
  <testcase name="testSetListe" classname="fr.ufrsciencestech.tpgroupe1.PanierTest" time="0.002"/>
</testsuite>